C51 COMPILER V9.56.0.0   CACULATOR                                                         10/22/2018 20:22:45 PAGE 1   


C51 COMPILER V9.56.0.0, COMPILATION OF MODULE CACULATOR
OBJECT MODULE PLACED IN .\Objects\caculator.obj
COMPILER INVOKED BY: D:\keil_2738\C51\BIN\C51.EXE ..\caculator.c OPTIMIZE(8,SPEED) BROWSE DEBUG OBJECTEXTEND PRINT(.\Lis
                    -tings\caculator.lst) TABS(2) OBJECT(.\Objects\caculator.obj)

line level    source

   1          #include <reg51.h>
   2          #define uint  unsigned int
   3          #define uchar unsigned char
   4          
   5          sbit  lcden = P2 ^ 2;       /* ÂêØÁî® ‰∏ãÈôçÊ≤ø */
   6          sbit  rs  = P2 ^ 0;       /* È´òÁîµÂπ≥ËæìÂÖ•Êï∞ÊçÆÔºå‰ΩéÁîµÂπ≥ËæìÂÖ•ÂëΩ‰ª§ */
   7          sbit  rw  = P2 ^ 1;       /* È´òÁîµÂπ≥ËØªÔºå‰ΩéÁîµÂπ≥ÂÜô */
   8          sbit  busy  = P0 ^ 7;
   9          
  10          char  i, j, temp, num, num_1;
  11          int a, b, c, result;
  12          int already_clear; //‰∏∫0Ë°®Á§∫Â∑≤ÁªèÊ∏ÖÁ©∫Ôºå‰∏∫1Ë°®Á§∫ÊúâÁªìÊûú‰øùÂ≠ò
  13          int mod;
  14          int b_input;
  15          /* a‰∏∫ËæìÂÖ•ÁöÑÁ¨¨‰∏Ä‰∏™Êï∞Ôºåb‰∏∫ËæìÂÖ•ÁöÑÁ¨¨‰∫å‰∏™Êï∞Ôºåc‰∏∫ÂæóÊï∞ */
  16          /* clearË°®Á§∫ÊòØÂê¶ËøõË°åÊ∏ÖÈõ∂Êìç‰ΩúÔºåÂ¶ÇÊûúÊ≤°ÊúâÂÅöÊ∏ÖÈõ∂Êìç‰ΩúÔºåÂàôËÆ°ÁÆó‰πãÂêéÂÜçÁõ¥Êé•ËæìÂÖ•Á¨¶Âè
             -∑ÁöÑËØùÔºåËá™Âä®ÊääÂΩìÂâçËÆ°ÁÆóÁªìÊûúËÆæ‰∏∫Á¨¨‰∏ÄËÆ°ÁÆóÊï∞ */
  17          uchar flag, fuhao;
  18          /*
  19           * flag=1Ë°®Á§∫ËøêÁÆóÁ¨¶ÈîÆÊåâ‰∏ãÔºåflag=0Ë°®Á§∫ËøêÁÆóÁ¨¶ÈîÆÊ≤°ÊúâÊåâ‰∏ãÔºõ
  20           * fuhao=1‰∏∫Âä†Ê≥ïÔºåfuhao=2‰∏∫ÂáèÊ≥ïÔºåfuhao=3‰∏∫‰πòÊ≥ïÔºåfuhao=4‰∏∫Èô§Ê≥ï„ÄÇ
  21           */
  22          
  23          uchar code  table[] = {                             /* ËøêÁÆóÊï∞Â≠óËæìÂÖ•Êï∞ÁªÑ */
  24            7, 8, 9, 0,
  25            4, 5, 6, 0,
  26            1, 2, 3, 0,
  27            0, 0, 0, 0
  28          };
  29          uchar code  table1[] = {                            /* ÁªèÂ§ÑÁêÜÂêéËøõË°åÈîÆËæìÂÖ•ÊòæÁ§∫ÂáÜÂ§áÁöÑÊï∞ÁªÑ */
  30            7,       8, 9,       0x2f - 0x30,       /* 7Ôºå8Ôºå9Ôºå√∑ */
  31            4,       5, 6,       0x2a - 0x30,       /* 4, 5, 6Ôºå√ó */
  32            1,       2, 3,       0x2d - 0x30,       /* 1, 2, 3ÔºåÔºç */
  33            0x01 - 0x30, 0, 0x3d - 0x30, 0x2b - 0x30        /* CÔºå0Ôºå=ÔºåÔºã */
  34          };
  35          
  36          void delay( uchar z )                                   /* Âª∂ËøüÂáΩÊï∞ */
  37          {
  38   1        uchar y;
  39   1        for ( z; z > 0; z-- )
  40   1          for ( y = 0; y < 110; y++ )
  41   1            ;
  42   1      }
  43          
  44          
  45          void write_com( uchar com )                             /* ÂÜôÊåá‰ª§ÂáΩÊï∞ */
  46          {
  47   1        rs      = 0;
  48   1        P0      = com;                  /* comÊåá‰ª§‰ªòÁªôP0Âè£ */
  49   1        delay( 5 ); lcden = 1; delay( 5 ); lcden = 0;
  50   1      }
  51          
  52          
  53          void write_date( uchar date )                           /* ÂÜôÊï∞ÊçÆÂáΩÊï∞ */
C51 COMPILER V9.56.0.0   CACULATOR                                                         10/22/2018 20:22:45 PAGE 2   

  54          {
  55   1        rs  = 1; P0 = date; delay( 5 );
  56   1        lcden = 1; delay( 5 ); lcden = 0;
  57   1      }
  58          void clear_all()
  59          {
  60   1        result = 0;
  61   1        already_clear = 0;
  62   1        write_com( 0x01 );
  63   1        j = 0;
  64   1        a = 0;                                    /* Á¨¨‰∏Ä‰∏™ÂèÇ‰∏éËøêÁÆóÁöÑÊï∞ */
  65   1        b = 0;                                    /* Á¨¨‰∫å‰∏™ÂèÇ‰∏éËøêÁÆóÁöÑÊï∞ */
  66   1        c = 0;
  67   1        flag  = 0;                                    /* flagË°®Á§∫ÊòØÂê¶ÊúâÁ¨¶Âè∑ÈîÆÊåâ‰∏ãÔºå */
  68   1        fuhao = 0;  
  69   1        b_input = 0;
  70   1      }
  71          
  72          
  73          void show_result()
  74          {
  75   1        int res = result;
  76   1        int num_temp[10];
  77   1        int count = 0;
  78   1        int ii;
  79   1        write_com(0x01);//Ê∏ÖÂ±è
  80   1        a = result;
  81   1        b = 0;
  82   1        if(res<0) {write_date(0x3d);//ËæìÂá∫‰∏Ä‰∏™‚Äò-‚Äô
  83   2        res = -res;}
  84   1        while( res != 0 )
  85   1        {
  86   2          num_temp[count] = res % 10;
  87   2          res /= 10;
  88   2          count ++ ;
  89   2        }
  90   1        for( ii = count - 1 ; ii >= 0 ; ii--)
  91   1        {
  92   2          write_date( 0x30 + num_temp[ii] );
  93   2        }
  94   1        already_clear = 0;
  95   1      }
  96          
  97          void show_error()
  98          {
  99   1        write_com( 0x80 + 0x4f );    /*Êåâ‰∏ãÁ≠â‰∫éÈîÆÔºåÂÖâÊ†áÂâçËøõËá≥Á¨¨‰∫åË°åÊúÄÂêé‰∏Ä‰∏™ÊòæÁ§∫Â§Ñ */
 100   1        write_com( 0x04 );           /* ËÆæÁΩÆ‰ªéÂêé‰ΩèÂâçÂÜôÊï∞ÊçÆÔºåÊØèÂÜôÂÆå‰∏Ä‰∏™Êï∞ÊçÆÔºåÂÖâÊ†áÂêéÈÄÄ‰∏ÄÊ†º 
             -*/
 101   1        write_date( '!' ); write_date( 'R' ); write_date( 'O' );
 102   1        write_date( 'R' ); write_date( 'R' ); write_date( 'E' );
 103   1        delay(1000);
 104   1        clear_all();
 105   1      }
 106          
 107          void get_calculate()
 108          {
 109   1        j = 1;                               /*Êåâ‰∏ãÁ≠â‰∫éÈîÆÔºåÊ†πÊçÆËøêÁÆóÁ¨¶Âè∑ËøõË°å‰∏çÂêåÁöÑÁÆóÊúØÂ§ÑÁêÜ */
 110   1         if ( fuhao == 1 )                    /* Âä†Ê≥ïËøêÁÆó */
 111   1         {
 112   2           write_com( 0x80 + 0x4f );    /*Êåâ‰∏ãÁ≠â‰∫éÈîÆÔºåÂÖâÊ†áÂâçËøõËá≥Á¨¨‰∫åË°åÊúÄÂêé‰∏Ä‰∏™ÊòæÁ§∫Â§Ñ */
 113   2           write_com( 0x04 );           /* ËÆæÁΩÆ‰ªéÂêé‰ΩèÂâçÂÜôÊï∞ÊçÆÔºåÊØèÂÜôÂÆå‰∏Ä‰∏™Êï∞ÊçÆÔºåÂÖâÊ†áÂêéÈÄÄ‰∏ÄÊ
             -†º */
C51 COMPILER V9.56.0.0   CACULATOR                                                         10/22/2018 20:22:45 PAGE 3   

 114   2           c = a + b;
 115   2           result = c;
 116   2           already_clear = 1;
 117   2           if( c == 0 )
 118   2          {
 119   3          write_date(0x30);
 120   3          }
 121   2           while ( c != 0 )
 122   2           {
 123   3             write_date( 0x30 + c % 10 );        c = c / 10;
 124   3           }
 125   2           write_date( 0x3d );          /* ÂÜçÂÜô"=" */
 126   2           a = 0; b = 0; flag = 0; fuhao = 0;
 127   2           if(result>32767)
 128   2           {
 129   3            show_error();
 130   3           }
 131   2         }  else if ( fuhao == 2 )            /* ÂáèÊ≥ïËøêÁÆó */
 132   1         {
 133   2           write_com( 0x80 + 0x4f );    /* ÂÖâÊ†áÂâçËøõËá≥Á¨¨‰∫åË°åÊúÄÂêé‰∏Ä‰∏™ÊòæÁ§∫Â§Ñ */
 134   2           write_com( 0x04 );           /* ËÆæÁΩÆ‰ªéÂêé‰ΩèÂâçÂÜôÊï∞ÊçÆÔºåÊØèÂÜôÂÆå‰∏Ä‰∏™Êï∞ÊçÆÔºåÂÖâÊ†áÂêéÈÄÄ‰∏ÄÊ
             -†º(Ëøô‰∏™ÁÖßÁêÜËØ¥È°∫Â∫è‰∏çÂØπÔºåÂèØÊòæÁ§∫Âíå‰∏äÊÆµ‰∏ÄÊ†∑) */
 135   2           if ( a - b > 0 )
 136   2             c = a - b;
 137   2           else c = b - a;
 138   2           result = a-b;
 139   2           already_clear = 1;
 140   2           if( c == 0 )
 141   2          {
 142   3          write_date(0x30);
 143   3          }
 144   2           while ( c != 0 )
 145   2           {
 146   3             write_date( 0x30 + c % 10 ); c = c / 10;
 147   3           }
 148   2           if ( a - b < 0 )
 149   2             write_date( 0x2d );
 150   2           write_date( 0x3d );  /* ÂÜçÂÜô"=" */
 151   2           a = 0; b = 0; flag = 0; fuhao = 0;
 152   2           if(result>32767)
 153   2           {
 154   3            show_error();
 155   3           }
 156   2         }   else if ( fuhao == 3 )   /* ‰πòÊ≥ïËøêÁÆó */
 157   1         {
 158   2           write_com( 0x80 + 0x4f );            write_com( 0x04 );
 159   2           c    = a * b;
 160   2           result = c;
 161   2           already_clear = 1;
 162   2           if( c == 0 )
 163   2          {
 164   3          write_date(0x30);
 165   3          }
 166   2           while ( c != 0 )
 167   2           {
 168   3             write_date( 0x30 + c % 10 );        c = c / 10;
 169   3           }
 170   2           write_date( 0x3d );           a = 0; b = 0; flag = 0; fuhao = 0;
 171   2           if(result>32767)
 172   2           {
 173   3            show_error();
 174   3           }
C51 COMPILER V9.56.0.0   CACULATOR                                                         10/22/2018 20:22:45 PAGE 4   

 175   2         }  else if ( fuhao == 4 ) /* Èô§Ê≥ïËøêÁÆó */
 176   1         {
 177   2           write_com( 0x80 + 0x4f );
 178   2           write_com( 0x04 );
 179   2           i = 0;
 180   2           if ( b != 0 )
 181   2           {
 182   3             c = a / b;
 183   3             result = c;
 184   3             already_clear = 1;
 185   3             mod = a - (c * b);
 186   3             if( c == 0 )
 187   3             {
 188   4              write_date(0x30);
 189   4             }
 190   3             while ( c != 0 )
 191   3             {
 192   4                write_date( 0x30 + c % 10 );        c = c / 10;             
 193   4             }
 194   3             write_date( 0x3d );
 195   3              write_com( 0x80 + 0x23);
 196   3              write_com( 0x04 );
 197   3              if(mod == 0)
 198   3                write_date( 0x30 );
 199   3              while(mod != 0)
 200   3              {
 201   4                write_date( 0x30 + mod % 10 );
 202   4                mod = mod / 10;
 203   4              }
 204   3              write_date(0x3d);
 205   3              write_date(0x64);
 206   3              write_date(0x6f);
 207   3              write_date(0x6d);
 208   3             a = 0; b = 0; flag = 0; fuhao = 0;
 209   3           }else  {
 210   3             write_date( '!' ); write_date( 'R' ); write_date( 'O' );
 211   3             write_date( 'R' ); write_date( 'R' ); write_date( 'E' );
 212   3           }
 213   2         }
 214   1      }
 215          
 216          void init()                                             /* ÂàùÂßãÂåñ */
 217          {
 218   1        write_com( 0x01 );
 219   1        num = -1;
 220   1        lcden = 1;                                    /* ‰ΩøËÉΩ‰ø°Âè∑‰∏∫È´òÁîµÂπ≥ */
 221   1        rw  = 0;
 222   1        write_com( 0x38 );                              /* 8‰ΩçÔºå2Ë°å */
 223   1        delay( 5 ); write_com( 0x38 );                  /* 8‰ΩçÔºå2Ë°å */
 224   1        delay( 5 ); write_com( 0x0c );                  /* ÊòæÁ§∫ÂºÄÔºåÂÖâÊ†áÂÖ≥Ôºå‰∏çÈó™ÁÉÅ* / */
 225   1        delay( 1 ); write_com( 0x06 );                  /* Â¢ûÈáèÊñπÂºè‰∏çÁßª‰Ωç */
 226   1        delay( 1 ); write_com( 0x80 );                  /* Ê£ÄÊµãÂøô‰ø°Âè∑ */
 227   1        delay( 1 ); write_com( 0x01 );                  /* ÊòæÁ§∫ÂºÄÔºåÂÖâÊ†áÂÖ≥Ôºå‰∏çÈó™ÁÉÅ */
 228   1        num_1 = 0;
 229   1        i = 0; j = 0;
 230   1        a = 0;                                    /* Á¨¨‰∏Ä‰∏™ÂèÇ‰∏éËøêÁÆóÁöÑÊï∞ */
 231   1        b = 0;                                    /* Á¨¨‰∫å‰∏™ÂèÇ‰∏éËøêÁÆóÁöÑÊï∞ */
 232   1        c = 0;
 233   1        flag  = 0;                                    /* flagË°®Á§∫ÊòØÂê¶ÊúâÁ¨¶Âè∑ÈîÆÊåâ‰∏ãÔºå */
 234   1        fuhao = 0;                                    /* fuhaoË°®ÂæÅÊåâ‰∏ãÁöÑÊòØÂì™‰∏™Á¨¶Âè∑ */
 235   1        already_clear = 0;
 236   1        b_input = 0;
C51 COMPILER V9.56.0.0   CACULATOR                                                         10/22/2018 20:22:45 PAGE 5   

 237   1      }
 238          
 239          
 240          /*
 241           * ÂØπ‰∫é4√ó4ÈîÆÁõòÈúÄË¶Å8Êù°Êï∞ÊçÆÁ∫øÔºå4Ê†πË°åÁ∫øÔºå4Ê†πÂàóÁ∫ø„ÄÇÈÉΩÊé•Âú®P3Âè£‰∏äÔºå‰Ωé4‰ΩçÊé•Ë°å4Ê†πÁ∫
             -øÔºåÈ´ò4‰ΩçÊé•Âàó4Ê†πÁ∫ø„ÄÇÂ¶Ç‰ΩïÁ°ÆÂÆö16‰∏™ÈîÆÈÇ£‰∏™Ë¢´Êåâ‰∏ãÔºåÊòØÈÄöËøáÁ®ãÂ∫èÂØπÈîÆÁõòÊâ´ÊèèÔºåËøáÁ®ãÊòØËøôÊ†∑ÁöÑÔºåÂ
             -ÖàËÆ©Á¨¨‰∏ÄË°åÁ∫ø‰∏∫‰ΩéÁîµÂπ≥‰ª£Á†Å‰∏∫11111110ËΩ¨Êç¢ÊàêÂçÅÂÖ≠ËøõÂà∂‰∏∫0xfeÔºåÁ¥ßÊé•ÁùÄ‰∏ãÊù°ËØ≠Âè•ÊòØËØªÂèñP3Âè£ÂÄºÂπ∂‰∫
             -é0xfeÊØîËæÉÔºåÂ¶ÇÊûúÁõ∏Á≠âËØ¥ÊòéÊ≤°ÊúâÊåâÈîÆË¢´ÂÆâ‰∏ãÔºåÂ¶ÇÊûú‰∏çÁõ∏Á≠âÊúâÊåâÈîÆË¢´Êåâ‰∏ãÔºåÂÅáÂ¶ÇÁ¨¨1Ë°åÁ¨¨1ÂàóÊåâÈîÆË¢
             -´Êåâ‰∏ãËøôÊó∂ËØªÂèñÂÄº‰∏∫11101110ÔºåÈ´ò4‰ΩçÊòØË°®Á§∫ÂàóÊï∞ÔºåÈ´ò4‰Ωç1110Ë°®Á§∫Á¨¨‰∏ÄÂàó‰∏äÁöÑÊåâÈîÆÊúâË¢´Êåâ‰∏ãÁöÑÔºåÂÜç
             -ÈÄöËøá‰Ωé4‰ΩçÂÄº1110ÂèØÂà§ÂÆöÁ¨¨‰∏ÄË°åÁ¨¨‰∏ÄÂàóÁöÑÊåâÈîÆË¢´Êåâ„ÄÇ
 242           * ËøôÊ†∑ÂÆåÊàêÁ¨¨‰∏ÄË°åÁöÑÊâ´ÊèèÔºåÁ¥ßÁùÄË¶ÅËøõË°åÁ¨¨‰∫åË°åÁöÑÊâ´ÊèèÔºå‰ΩøP3Á≠â‰∫é11111101ÂçÅÂÖ≠ËøõÂà∂‰∏∫
             -0xfd„ÄÇÂÜçÂÆåÊàê‰∏äËø∞ËøáÁ®ã„ÄÇÂÜçÂæÄ‰∏ãÊòØÁ¨¨‰∏âÔºåÁ¨¨ÂõõË°å„ÄÇ‰ª•‰∏äËøáÁ®ã‰∏çÂÅúÁöÑÂæ™ÁéØ„ÄÇ
 243           */
 244          
 245          void keyscan()
 246          {
 247   1        P3 = 0xfe;                                      /* ËÆ©Á¨¨‰∏ÄË°åÁ∫øÊòØ‰ΩéÁîµÂπ≥ */
 248   1        if ( P3 != 0xfe )
 249   1        {
 250   2          delay( 20 );                            /* Âª∂Ëøü20ms */
 251   2          if ( P3 != 0xfe )
 252   2          {
 253   3            temp = P3 & 0xf0;
 254   3            switch ( temp )
 255   3            {
 256   4            case 0xe0: num  = 0;   break;   /* 7 */
 257   4            case 0xd0: num  = 1;   break;   /* 8 */
 258   4            case 0xb0: num  = 2;   break;   /* 9 */
 259   4            case 0x70: num  = 3;   break;   /* √∑ */
 260   4            }
 261   3          }
 262   2          while ( P3 != 0xfe )
 263   2            ;
 264   2          if ( num == 0 || num == 1 || num == 2 ) /* Â¶ÇÊûúÊåâ‰∏ãÁöÑÊòØ'7','8'Êàñ'9 */
 265   2          {
 266   3            if ( j != 0 )
 267   3            {
 268   4              clear_all();
 269   4            }
 270   3            if ( flag == 0 )                /* Ê≤°ÊúâÊåâËøáËøêÁÆóÁ¨¶ÈîÆ */
 271   3            {
 272   4              a = a * 10 + table[num];
 273   4            }                               /*Êåâ‰∏ãÊï∞Â≠óÂ≠òÂÇ®Âà∞a */
 274   3            else{ /* Â¶ÇÊûúÊåâËøáËøêÁÆóÁ¨¶ÈîÆ */
 275   4              b = b * 10 + table[num];
 276   4              b_input = 1;
 277   4            }                               /*Êåâ‰∏ãÊï∞Â≠óÂ≠òÂÇ®Âà∞b */
 278   3          }else  { /* Â¶ÇÊûúÊåâ‰∏ãÁöÑÊòØ'/'            Èô§Ê≥ï */
 279   3            flag += 1;                    /*Êåâ‰∏ãËøêÁÆóÁ¨¶ */
 280   3            if(already_clear == 1)
 281   3            {
 282   4              show_result();
 283   4              already_clear = 0;
 284   4              flag = 1;
 285   4              j = 0;
 286   4            }
 287   3            else if(flag > 1)
 288   3            {
 289   4              get_calculate();
 290   4              show_result();
 291   4              flag = 1;
 292   4              j = 0;
C51 COMPILER V9.56.0.0   CACULATOR                                                         10/22/2018 20:22:45 PAGE 6   

 293   4            }
 294   3            fuhao = 4;                    /* 4Ë°®Á§∫Èô§Âè∑Â∑≤Êåâ */
 295   3          }
 296   2          i = table1[num];                        /* Êï∞ÊçÆÊòæÁ§∫ÂÅöÂáÜÂ§á */
 297   2          write_date( 0x30 + i );                 /* ÊòæÁ§∫Êï∞ÊçÆÊàñÊìç‰ΩúÁ¨¶Âè∑ */
 298   2        }
 299   1      
 300   1      
 301   1        P3 = 0xfd;
 302   1        if ( P3 != 0xfd )
 303   1        {
 304   2          delay( 20 );
 305   2          if ( P3 != 0xfd )
 306   2          {
 307   3            temp = P3 & 0xf0;
 308   3            switch ( temp )
 309   3            {
 310   4            case 0xe0: num  = 4; break;                     /* 4 */
 311   4            case 0xd0: num  = 5; break;                     /* 5 */
 312   4            case 0xb0: num  = 6; break;                     /* 6 */
 313   4            case 0x70: num  = 7; break;                     /* √ó */
 314   4            }
 315   3          }
 316   2          while ( P3 != 0xfd )
 317   2            ;                                               /* Á≠âÂæÖÊåâÈîÆÈáäÊîæ */
 318   2          if ( num == 4 || num == 5 || num == 6 && num != 7 )     /* Â¶ÇÊûúÊåâ‰∏ãÁöÑÊòØ'4','5'Êàñ'6' */
 319   2          {
 320   3            if ( j != 0 )
 321   3            {
 322   4              clear_all();
 323   4            }
 324   3            if ( flag == 0 )                                /* Ê≤°ÊúâÊåâËøáËøêÁÆóÁ¨¶ÈîÆ */
 325   3            {
 326   4              a = a * 10 + table[num];
 327   4            }else                           { /* Â¶ÇÊûúÊåâËøáËøêÁÆóÁ¨¶ÈîÆ */
 328   4              b = b * 10 + table[num];
 329   4              b_input = 1;
 330   4            }
 331   3          }else  { /* Â¶ÇÊûúÊåâ‰∏ãÁöÑÊòØ'√ó' */
 332   3            flag += 1;                    /*Êåâ‰∏ãËøêÁÆóÁ¨¶ */
 333   3            if(already_clear == 1)
 334   3            {
 335   4              show_result();
 336   4              already_clear = 0;
 337   4              flag = 1;
 338   4              j = 0;
 339   4            }
 340   3            else if(flag > 1)
 341   3            {
 342   4              get_calculate();
 343   4              show_result();
 344   4              flag = 1;
 345   4              j = 0;
 346   4            }
 347   3            fuhao = 3;    /* 3Ë°®Á§∫‰πòÂè∑Â∑≤Êåâ */
 348   3          }
 349   2          i = table1[num];        /* Êï∞ÊçÆÊòæÁ§∫ÂÅöÂáÜÂ§á */
 350   2          write_date( 0x30 + i ); /* ÊòæÁ§∫Êï∞ÊçÆÊàñÊìç‰ΩúÁ¨¶Âè∑ */
 351   2        }
 352   1      
 353   1        P3 = 0xfb;
 354   1        if ( P3 != 0xfb )
C51 COMPILER V9.56.0.0   CACULATOR                                                         10/22/2018 20:22:45 PAGE 7   

 355   1        {
 356   2          delay( 20 );
 357   2          if ( P3 != 0xfb )
 358   2          {
 359   3            temp = P3 & 0xf0;
 360   3            switch ( temp )
 361   3            {
 362   4            case 0xe0: num  = 8;    break;          /* 1 */
 363   4            case 0xd0: num  = 9;    break;          /* 2 */
 364   4            case 0xb0: num  = 10;   break;          /* 3 */
 365   4            case 0x70: num  = 11;   break;          /* - */
 366   4            }
 367   3          }
 368   2          while ( P3 != 0xfb )
 369   2            ;
 370   2          if ( num == 8 || num == 9 || num == 10 )        /* Â¶ÇÊûúÊåâ‰∏ãÁöÑÊòØ'1','2'Êàñ'3' */
 371   2          {
 372   3            if ( j != 0 )
 373   3            {
 374   4              clear_all();
 375   4            }
 376   3            if ( flag == 0 )                        /* Ê≤°ÊúâÊåâËøáËøêÁÆóÁ¨¶ÈîÆ */
 377   3            {
 378   4              a = a * 10 + table[num];
 379   4            }else                         { /* Â¶ÇÊûúÊåâËøáËøêÁÆóÁ¨¶ÈîÆ */
 380   4              b = b * 10 + table[num];
 381   4              b_input = 1;
 382   4            }
 383   3          }else if ( num == 11 )                          /* Â¶ÇÊûúÊåâ‰∏ãÁöÑÊòØ'-' */
 384   2          {
 385   3            flag += 1;                    /*Êåâ‰∏ãËøêÁÆóÁ¨¶ */
 386   3            if(already_clear == 1)
 387   3            {
 388   4              show_result();
 389   4              already_clear = 0;
 390   4              flag = 1;
 391   4              j = 0;
 392   4            }
 393   3            else if(flag > 1)
 394   3            {
 395   4              get_calculate();
 396   4              show_result();
 397   4              flag = 1;
 398   4              j = 0;
 399   4            }
 400   3            fuhao = 2;                            /* 2Ë°®Á§∫ÂáèÂè∑Â∑≤Êåâ */
 401   3          }
 402   2          i = table1[num];                                /* Êï∞ÊçÆÊòæÁ§∫ÂÅöÂáÜÂ§á */
 403   2          write_date( 0x30 + i );                         /* ÊòæÁ§∫Êï∞ÊçÆÊàñÊìç‰ΩúÁ¨¶Âè∑ */
 404   2        }
 405   1      
 406   1      
 407   1      
 408   1      
 409   1        P3 = 0xf7;
 410   1        if ( P3 != 0xf7 )
 411   1        {
 412   2          delay( 20 );
 413   2          if ( P3 != 0xf7 )
 414   2          {
 415   3            temp = P3 & 0xf0;
 416   3            switch ( temp )
C51 COMPILER V9.56.0.0   CACULATOR                                                         10/22/2018 20:22:45 PAGE 8   

 417   3            {
 418   4            case 0xe0: num  = 12; break;    /* Ê∏Ö0ÈîÆ */
 419   4            case 0xd0: num  = 13; break;    /* Êï∞Â≠ó0 */
 420   4            case 0xb0: num  = 14; break;    /* Á≠â‰∫éÈîÆ */
 421   4            case 0x70: num  = 15; break;    /* Âä† */
 422   4            }
 423   3          }
 424   2          while ( P3 != 0xf7 )
 425   2            ;
 426   2        if( num == 12 )
 427   2        {
 428   3          clear_all();
 429   3        }
 430   2        if( num == 13 )
 431   2        {
 432   3          if ( flag == 0 ) /* Ê≤°ÊúâÊåâËøáËøêÁÆóÁ¨¶ÈîÆ */
 433   3          {
 434   4            a = a * 10;  write_date( 0x30 );     P3 = 0;
 435   4          }else if ( flag >= 1 ) /* Â¶ÇÊûúÊåâËøáËøêÁÆóÁ¨¶ÈîÆ */
 436   3          {
 437   4            b = b * 10;   write_date( 0x30 );
 438   4            b_input = 1;
 439   4          }
 440   3        }
 441   2        if( num == 14 )
 442   2        {
 443   3          get_calculate();
 444   3        }
 445   2        if( num == 15 )
 446   2        {
 447   3          /*if(b_input == 0)
 448   3            {
 449   3              write_com( 0x04 );
 450   3              write_date( 0x20 );
 451   3            }*/
 452   3            flag += 1;                    /*Êåâ‰∏ãËøêÁÆóÁ¨¶+ */
 453   3            if(already_clear == 1)
 454   3            {
 455   4              show_result();
 456   4              already_clear = 0;
 457   4              flag = 1;
 458   4              j = 0;
 459   4            }
 460   3            else if(flag > 1)
 461   3            {
 462   4              get_calculate();
 463   4              show_result();
 464   4              flag = 1;
 465   4              j = 0;
 466   4            } 
 467   3           fuhao = 1; 
 468   3          i = table1[num];                                /* Êï∞ÊçÆÊòæÁ§∫ÂÅöÂáÜÂ§á */
 469   3          write_date( 0x30 + i );                         /* ÊòæÁ§∫Êï∞ÊçÆÊàñÊìç‰ΩúÁ¨¶Âè∑ */
 470   3           //write_com( 0x05 );
 471   3        }
 472   2      
 473   2        }
 474   1      }
 475          
 476          main()
 477          {
 478   1        init();
C51 COMPILER V9.56.0.0   CACULATOR                                                         10/22/2018 20:22:45 PAGE 9   

 479   1        while ( 1 )
 480   1        {
 481   2          keyscan();
 482   2        }
 483   1      }
 484          


MODULE INFORMATION:   STATIC OVERLAYABLE
   CODE SIZE        =   1988    ----
   CONSTANT SIZE    =     32    ----
   XDATA SIZE       =   ----    ----
   PDATA SIZE       =   ----    ----
   DATA SIZE        =     21      20
   IDATA SIZE       =   ----    ----
   BIT SIZE         =   ----    ----
END OF MODULE INFORMATION.


C51 COMPILATION COMPLETE.  0 WARNING(S),  0 ERROR(S)
